 
****************************************
Report : timing
        -path full
        -delay max
        -nets
        -max_paths 1
        -transition_time
Design : ntt_block_radix2_pipelined
Version: V-2023.12-SP5
Date   : Sun Dec  7 23:21:59 2025
****************************************

Operating Conditions: tt1p05v25c   Library: saed32rvt_tt1p05v25c
Wire Load Model Mode: enclosed

  Startpoint: mode_pipe_reg_2_
              (rising edge-triggered flip-flop clocked by core_clk)
  Endpoint: mode_out (output port clocked by core_clk)
  Path Group: REGOUT
  Path Type: max

  Des/Clust/Port     Wire Load Model       Library
  ------------------------------------------------
  ntt_block_radix2_pipelined 16000         saed32rvt_tt1p05v25c

Attributes:
    d - dont_touch
    u - dont_use
   mo - map_only
   so - size_only
    i - ideal_net or ideal_network
  inf - infeasible path

  Point                        Fanout     Trans      Incr       Path      Attributes
  ------------------------------------------------------------------------------------------
  clock core_clk (rise edge)                         0.00       0.00
  clock network delay (ideal)                        0.20       0.20
  mode_pipe_reg_2_/CLK (DFFARX1_RVT)       0.08      0.00       0.20 r
  mode_pipe_reg_2_/Q (DFFARX1_RVT)         0.01      0.11       0.31 r
  mode_out (net)                 1                   0.00       0.31 r
  mode_out (out)                           0.01      0.01       0.31 r
  data arrival time                                             0.31

  clock core_clk (rise edge)                        20.00      20.00
  clock network delay (ideal)                        0.20      20.20
  clock uncertainty                                 -2.00      18.20
  output external delay                             -6.00      12.20
  data required time                                           12.20
  ------------------------------------------------------------------------------------------
  data required time                                           12.20
  data arrival time                                            -0.31
  ------------------------------------------------------------------------------------------
  slack (MET)                                                  11.89


  Startpoint: mode_pipe_reg_1_
              (rising edge-triggered flip-flop clocked by core_clk)
  Endpoint: STAGE_LOOP_1__GROUP_LOOP_0__BFLY_LOOP_1__ntt_bfly_inst_pipe_mult_prod_reg_31_
            (rising edge-triggered flip-flop clocked by core_clk)
  Path Group: core_clk
  Path Type: max

  Des/Clust/Port     Wire Load Model       Library
  ------------------------------------------------
  ntt_block_radix2_pipelined 16000         saed32rvt_tt1p05v25c

Attributes:
    d - dont_touch
    u - dont_use
   mo - map_only
   so - size_only
    i - ideal_net or ideal_network
  inf - infeasible path

  Point                                                                                  Fanout     Trans      Incr       Path      Attributes
  ----------------------------------------------------------------------------------------------------------------------------------------------------
  clock core_clk (rise edge)                                                                                   0.00       0.00
  clock network delay (ideal)                                                                                  0.20       0.20
  mode_pipe_reg_1_/CLK (DFFASX2_RVT)                                                                 0.08      0.00       0.20 r
  mode_pipe_reg_1_/QN (DFFASX2_RVT)                                                                  0.17      0.32       0.52 f
  mode_pipe[1] (net)                                                                      36                   0.00       0.52 f
  U1623/Y (NAND2X0_RVT)                                                                              0.04      0.32       0.84 r
  n863 (net)                                                                               3                   0.00       0.84 r
  U1123/Y (NAND2X0_RVT)                                                                              0.08      0.11       0.95 f
  n308 (net)                                                                               4                   0.00       0.95 f
  U918/Y (NAND2X0_RVT)                                                                               0.03      0.12       1.07 r
  n312 (net)                                                                               3                   0.00       1.07 r
  U875/Y (INVX0_RVT)                                                                                 0.02      0.04       1.11 f
  n314 (net)                                                                               1                   0.00       1.11 f
  U860/Y (AO22X1_RVT)                                                                                0.03      0.11       1.22 f
  intadd_0_A_0_ (net)                                                                      1                   0.00       1.22 f
  intadd_0_U27/S (FADDX1_RVT)                                                                        0.01      0.23       1.45 r    mo 
  intadd_0_SUM_0_ (net)                                                                    1                   0.00       1.45 r
  U773/Y (INVX0_RVT)                                                                                 0.05      0.07       1.52 f
  n805 (net)                                                                               1                   0.00       1.52 f
  U1791/S (FADDX1_RVT)                                                                               0.02      0.26       1.77 r
  intadd_1_B_1_ (net)                                                                      1                   0.00       1.77 r
  intadd_1_U3/CO (FADDX1_RVT)                                                                        0.02      0.09       1.87 r    mo 
  intadd_1_n2 (net)                                                                        1                   0.00       1.87 r
  intadd_1_U2/CO (FADDX1_RVT)                                                                        0.01      0.07       1.94 r    mo 
  intadd_1_n1 (net)                                                                        1                   0.00       1.94 r
  U707/Y (INVX0_RVT)                                                                                 0.05      0.07       2.01 f
  intadd_0_B_2_ (net)                                                                      1                   0.00       2.01 f
  intadd_0_U25/CO (FADDX1_RVT)                                                                       0.03      0.24       2.25 f    mo 
  intadd_0_n24 (net)                                                                       1                   0.00       2.25 f
  intadd_0_U24/CO (FADDX1_RVT)                                                                       0.03      0.18       2.43 f    mo 
  intadd_0_n23 (net)                                                                       1                   0.00       2.43 f
  intadd_0_U23/CO (FADDX1_RVT)                                                                       0.03      0.18       2.61 f    mo 
  intadd_0_n22 (net)                                                                       1                   0.00       2.61 f
  intadd_0_U22/CO (FADDX1_RVT)                                                                       0.03      0.18       2.80 f    mo 
  intadd_0_n21 (net)                                                                       1                   0.00       2.80 f
  intadd_0_U21/CO (FADDX1_RVT)                                                                       0.03      0.18       2.98 f    mo 
  intadd_0_n20 (net)                                                                       1                   0.00       2.98 f
  intadd_0_U20/CO (FADDX1_RVT)                                                                       0.03      0.18       3.17 f    mo 
  intadd_0_n19 (net)                                                                       1                   0.00       3.17 f
  intadd_0_U19/CO (FADDX1_RVT)                                                                       0.03      0.18       3.35 f    mo 
  intadd_0_n18 (net)                                                                       1                   0.00       3.35 f
  intadd_0_U18/CO (FADDX1_RVT)                                                                       0.03      0.18       3.54 f    mo 
  intadd_0_n17 (net)                                                                       1                   0.00       3.54 f
  intadd_0_U17/CO (FADDX1_RVT)                                                                       0.03      0.18       3.72 f    mo 
  intadd_0_n16 (net)                                                                       1                   0.00       3.72 f
  intadd_0_U16/CO (FADDX1_RVT)                                                                       0.03      0.18       3.90 f    mo 
  intadd_0_n15 (net)                                                                       1                   0.00       3.90 f
  intadd_0_U15/CO (FADDX1_RVT)                                                                       0.03      0.18       4.09 f    mo 
  intadd_0_n14 (net)                                                                       1                   0.00       4.09 f
  intadd_0_U14/CO (FADDX1_RVT)                                                                       0.03      0.18       4.27 f    mo 
  intadd_0_n13 (net)                                                                       1                   0.00       4.27 f
  intadd_0_U13/CO (FADDX1_RVT)                                                                       0.03      0.18       4.46 f    mo 
  intadd_0_n12 (net)                                                                       1                   0.00       4.46 f
  intadd_0_U12/CO (FADDX1_RVT)                                                                       0.03      0.18       4.64 f    mo 
  intadd_0_n11 (net)                                                                       1                   0.00       4.64 f
  intadd_0_U11/CO (FADDX1_RVT)                                                                       0.03      0.18       4.83 f    mo 
  intadd_0_n10 (net)                                                                       1                   0.00       4.83 f
  intadd_0_U10/CO (FADDX1_RVT)                                                                       0.03      0.18       5.01 f    mo 
  intadd_0_n9 (net)                                                                        1                   0.00       5.01 f
  intadd_0_U9/CO (FADDX1_RVT)                                                                        0.03      0.18       5.19 f    mo 
  intadd_0_n8 (net)                                                                        1                   0.00       5.19 f
  intadd_0_U8/CO (FADDX1_RVT)                                                                        0.03      0.18       5.38 f    mo 
  intadd_0_n7 (net)                                                                        1                   0.00       5.38 f
  intadd_0_U7/CO (FADDX1_RVT)                                                                        0.03      0.18       5.56 f    mo 
  intadd_0_n6 (net)                                                                        1                   0.00       5.56 f
  intadd_0_U6/CO (FADDX1_RVT)                                                                        0.03      0.18       5.75 f    mo 
  intadd_0_n5 (net)                                                                        1                   0.00       5.75 f
  intadd_0_U5/CO (FADDX1_RVT)                                                                        0.03      0.18       5.93 f    mo 
  intadd_0_n4 (net)                                                                        1                   0.00       5.93 f
  intadd_0_U4/CO (FADDX1_RVT)                                                                        0.03      0.18       6.12 f    mo 
  intadd_0_n3 (net)                                                                        1                   0.00       6.12 f
  intadd_0_U3/CO (FADDX1_RVT)                                                                        0.03      0.19       6.31 f    mo 
  intadd_0_n2 (net)                                                                        1                   0.00       6.31 f
  U235/S (FADDX1_RVT)                                                                                0.04      0.25       6.56 f
  n841 (net)                                                                               1                   0.00       6.56 f
  U1803/S (FADDX1_RVT)                                                                               0.02      0.24       6.80 f
  n842 (net)                                                                               1                   0.00       6.80 f
  U1804/SO (HADDX1_RVT)                                                                              0.01      0.13       6.94 f
  STAGE_LOOP_1__GROUP_LOOP_0__BFLY_LOOP_1__ntt_bfly_inst_N36 (net)                         1                   0.00       6.94 f
  STAGE_LOOP_1__GROUP_LOOP_0__BFLY_LOOP_1__ntt_bfly_inst_pipe_mult_prod_reg_31_/D (DFFARX1_RVT)      0.01      0.05       6.98 f
  data arrival time                                                                                                       6.98

  clock core_clk (rise edge)                                                                                  20.00      20.00
  clock network delay (ideal)                                                                                  0.20      20.20
  clock uncertainty                                                                                           -2.00      18.20
  STAGE_LOOP_1__GROUP_LOOP_0__BFLY_LOOP_1__ntt_bfly_inst_pipe_mult_prod_reg_31_/CLK (DFFARX1_RVT)              0.00      18.20 r
  library setup time                                                                                          -0.02      18.18
  data required time                                                                                                     18.18
  ----------------------------------------------------------------------------------------------------------------------------------------------------
  data required time                                                                                                     18.18
  data arrival time                                                                                                      -6.98
  ----------------------------------------------------------------------------------------------------------------------------------------------------
  slack (MET)                                                                                                            11.20


1
