 
****************************************
Report : net fanout
        -high_fanout
Design : ntt_block_radix2_pipelined
Version: V-2023.12-SP5
Date   : Sun Dec  7 23:21:59 2025
****************************************


Operating Conditions: tt1p05v25c   Library: saed32rvt_tt1p05v25c
Wire Load Model Mode: enclosed

Design        Wire Load Model            Library
------------------------------------------------
ntt_block_radix2_pipelined
                       16000             saed32rvt_tt1p05v25c


Attributes:
   dr - drc disabled
    c - annotated capacitance
    d - dont_touch
    i - ideal_net
    I - ideal_network
    p - includes pin load
    r - annotated resistance
    h - high fanout

Net                 Fanout   Attributes   Capacitance   Driver
--------------------------------------------------------------------------------
clk                    650   dr            1313.61      clk
1
