 
****************************************
Report : area
Design : ntt_block_radix2_pipelined
Version: V-2023.12-SP5
Date   : Sun Dec  7 23:21:59 2025
****************************************

Library(s) Used:

    saed32rvt_tt1p05v25c (File: /afs/umich.edu/class/eecs598-002/SAED32/SAED32_EDK/lib/stdcell_rvt/db_ccs/saed32rvt_tt1p05v25c.db)

Number of ports:                          262
Number of nets:                          2891
Number of cells:                         2518
Number of combinational cells:           1868
Number of sequential cells:               650
Number of macros/black boxes:               0
Number of buf/inv:                        268
Number of references:                      34

Combinational area:               4598.735711
Buf/Inv area:                      354.785025
Noncombinational area:            4625.929168
Macro/Black Box area:                0.000000
Net Interconnect area:            2289.629890

Total cell area:                  9224.664879
Total area:                      11514.294769
1
